<?xml version="1.0" encoding="UTF-8"?>
<!-- Generated by org.testng.reporters.JUnitReportReporter -->
<testsuite hostname="LAPTOP-QLQ39HR1" failures="0" tests="1" name="TEST.Actitime_LoginCustomerDeleteLogout" time="47.739" errors="0" timestamp="2023-07-24T16:35:25 IST" skipped="0">
  <testcase classname="TEST.Actitime_LoginCustomerDeleteLogout" name="LoginNewCustomerLogout" time="47.739"/>
  <system-out/>
</testsuite> <!-- TEST.Actitime_LoginCustomerDeleteLogout -->
